Build started 10/14/2015 7:01:19 PM.
     1>Project "C:\Users\Charles\Desktop\C++ Projects\Projects\DigDug\DigDug\DigDug.vcxproj" on node 2 (Build target(s)).
     1>ClCompile:
         C:\Program Files (x86)\Microsoft Visual Studio 12.0\VC\bin\CL.exe /c /I./include /Zi /nologo /W3 /WX- /sdl /O2 /Oi /Oy- /GL /D WIN32 /D NDEBUG /D _CONSOLE /D _LIB /D _UNICODE /D UNICODE /Gm- /EHsc /MD /GS /Gy /fp:precise /Zc:wchar_t /Zc:forScope /Fo"Release\\" /Fd"Release\vc120.pdb" /Gd /TP /analyze- /errorReport:prompt Block.cpp Drops.cpp Enemies.cpp Input.cpp Main.cpp Game.cpp Music.cpp Ornament.cpp Player.cpp SDL_setup.cpp Shop.cpp sprites.cpp Text.cpp Tools.cpp World.cpp
         Block.cpp
     1>Block.cpp(37): warning C4244: 'argument' : conversion from 'float' to 'int', possible loss of data
     1>Block.cpp(47): warning C4244: 'argument' : conversion from 'float' to 'int', possible loss of data
         Drops.cpp
     1>Drops.cpp(17): warning C4244: 'argument' : conversion from 'float' to 'int', possible loss of data
     1>Drops.cpp(18): warning C4244: 'argument' : conversion from 'float' to 'int', possible loss of data
         Enemies.cpp
         Input.cpp
         Main.cpp
         Game.cpp
     1>Game.cpp(8): warning C4244: 'argument' : conversion from 'time_t' to 'unsigned int', possible loss of data
     1>Game.cpp(63): warning C4018: '<' : signed/unsigned mismatch
     1>Game.cpp(209): warning C4244: 'argument' : conversion from 'float' to 'int', possible loss of data
     1>Game.cpp(211): warning C4244: 'argument' : conversion from 'float' to 'int', possible loss of data
     1>Game.cpp(255): warning C4244: 'argument' : conversion from 'float' to 'int', possible loss of data
     1>Game.cpp(257): warning C4244: 'argument' : conversion from 'float' to 'int', possible loss of data
         Music.cpp
         Ornament.cpp
     1>Ornament.cpp(103): warning C4018: '<' : signed/unsigned mismatch
     1>Ornament.cpp(109): warning C4244: '=' : conversion from 'int' to 'float', possible loss of data
         Player.cpp
     1>Player.cpp(87): warning C4018: '<' : signed/unsigned mismatch
     1>Player.cpp(103): warning C4018: '<' : signed/unsigned mismatch
     1>Player.cpp(120): warning C4244: '=' : conversion from 'float' to 'int', possible loss of data
     1>Player.cpp(121): warning C4018: '<' : signed/unsigned mismatch
     1>Player.cpp(154): warning C4244: 'argument' : conversion from 'float' to 'int', possible loss of data
     1>Player.cpp(176): warning C4244: 'argument' : conversion from 'float' to 'int', possible loss of data
     1>Player.cpp(183): warning C4244: 'argument' : conversion from 'float' to 'int', possible loss of data
     1>Player.cpp(184): warning C4244: 'argument' : conversion from 'float' to 'int', possible loss of data
     1>Player.cpp(185): warning C4244: 'argument' : conversion from 'float' to 'int', possible loss of data
     1>Player.cpp(247): warning C4305: '-=' : truncation from 'double' to 'float'
     1>Player.cpp(251): warning C4305: '+=' : truncation from 'double' to 'float'
     1>Player.cpp(293): warning C4018: '<' : signed/unsigned mismatch
     1>Player.cpp(300): warning C4018: '<' : signed/unsigned mismatch
     1>Player.cpp(312): warning C4305: '-=' : truncation from 'double' to 'float'
     1>Player.cpp(314): warning C4305: '+=' : truncation from 'double' to 'float'
     1>Player.cpp(323): warning C4244: 'argument' : conversion from 'float' to 'int', possible loss of data
     1>Player.cpp(371): warning C4244: 'argument' : conversion from 'float' to 'int', possible loss of data
     1>Player.cpp(385): warning C4244: 'argument' : conversion from 'float' to 'int', possible loss of data
     1>Player.cpp(490): warning C4554: '|' : check operator precedence for possible error; use parentheses to clarify precedence
     1>Player.cpp(498): warning C4244: 'argument' : conversion from 'float' to 'int', possible loss of data
         SDL_setup.cpp
         Shop.cpp
         sprites.cpp
     1>sprites.cpp(45): warning C4244: '=' : conversion from 'float' to 'int', possible loss of data
     1>sprites.cpp(46): warning C4244: '=' : conversion from 'float' to 'int', possible loss of data
     1>sprites.cpp(47): warning C4244: '=' : conversion from 'float' to 'int', possible loss of data
     1>sprites.cpp(48): warning C4244: '=' : conversion from 'float' to 'int', possible loss of data
     1>sprites.cpp(64): warning C4244: '=' : conversion from 'float' to 'int', possible loss of data
     1>sprites.cpp(65): warning C4244: '=' : conversion from 'float' to 'int', possible loss of data
     1>sprites.cpp(66): warning C4244: '=' : conversion from 'float' to 'int', possible loss of data
     1>sprites.cpp(67): warning C4244: '=' : conversion from 'float' to 'int', possible loss of data
     1>sprites.cpp(109): warning C4244: '=' : conversion from 'double' to 'float', possible loss of data
     1>sprites.cpp(120): warning C4244: '=' : conversion from 'double' to 'float', possible loss of data
         Text.cpp
     1>Text.cpp(33): warning C4554: '|' : check operator precedence for possible error; use parentheses to clarify precedence
     1>Text.cpp(74): warning C4244: '=' : conversion from 'float' to 'int', possible loss of data
     1>Text.cpp(75): warning C4244: '=' : conversion from 'float' to 'int', possible loss of data
     1>Text.cpp(76): warning C4244: '=' : conversion from 'float' to 'int', possible loss of data
     1>Text.cpp(77): warning C4244: '=' : conversion from 'float' to 'int', possible loss of data
     1>Text.cpp(93): warning C4554: '|' : check operator precedence for possible error; use parentheses to clarify precedence
     1>Text.cpp(132): warning C4244: '=' : conversion from 'float' to 'int', possible loss of data
     1>Text.cpp(133): warning C4244: '=' : conversion from 'float' to 'int', possible loss of data
     1>Text.cpp(134): warning C4244: '=' : conversion from 'float' to 'int', possible loss of data
     1>Text.cpp(135): warning C4244: '=' : conversion from 'float' to 'int', possible loss of data
     1>Text.cpp(151): warning C4554: '|' : check operator precedence for possible error; use parentheses to clarify precedence
     1>Text.cpp(192): warning C4244: '=' : conversion from 'float' to 'int', possible loss of data
     1>Text.cpp(193): warning C4244: '=' : conversion from 'float' to 'int', possible loss of data
     1>Text.cpp(194): warning C4244: '=' : conversion from 'float' to 'int', possible loss of data
     1>Text.cpp(195): warning C4244: '=' : conversion from 'float' to 'int', possible loss of data
     1>Text.cpp(212): warning C4554: '|' : check operator precedence for possible error; use parentheses to clarify precedence
     1>Text.cpp(253): warning C4244: '=' : conversion from 'float' to 'int', possible loss of data
     1>Text.cpp(254): warning C4244: '=' : conversion from 'float' to 'int', possible loss of data
     1>Text.cpp(255): warning C4244: '=' : conversion from 'float' to 'int', possible loss of data
     1>Text.cpp(256): warning C4244: '=' : conversion from 'float' to 'int', possible loss of data
         Tools.cpp
         World.cpp
     1>World.cpp(220): warning C4554: '|' : check operator precedence for possible error; use parentheses to clarify precedence
     1>World.cpp(331): warning C4554: '|' : check operator precedence for possible error; use parentheses to clarify precedence
     1>World.cpp(332): warning C4244: '+=' : conversion from 'double' to 'int', possible loss of data
     1>World.cpp(336): warning C4554: '|' : check operator precedence for possible error; use parentheses to clarify precedence
     1>World.cpp(337): warning C4244: '+=' : conversion from 'double' to 'int', possible loss of data
     1>World.cpp(341): warning C4554: '|' : check operator precedence for possible error; use parentheses to clarify precedence
     1>World.cpp(342): warning C4244: '+=' : conversion from 'double' to 'int', possible loss of data
     1>World.cpp(392): warning C4554: '|' : check operator precedence for possible error; use parentheses to clarify precedence
     1>World.cpp(548): warning C4018: '<' : signed/unsigned mismatch
     1>World.cpp(552): warning C4244: 'initializing' : conversion from 'float' to 'int', possible loss of data
     1>World.cpp(554): warning C4244: 'initializing' : conversion from 'float' to 'int', possible loss of data
     1>World.cpp(568): warning C4244: 'initializing' : conversion from 'float' to 'int', possible loss of data
     1>World.cpp(570): warning C4244: 'initializing' : conversion from 'float' to 'int', possible loss of data
     1>World.cpp(593): warning C4244: 'initializing' : conversion from 'double' to 'int', possible loss of data
     1>World.cpp(603): warning C4244: '=' : conversion from 'double' to 'float', possible loss of data
     1>World.cpp(604): warning C4244: 'argument' : conversion from 'double' to 'float', possible loss of data
     1>World.cpp(632): warning C4244: 'argument' : conversion from 'double' to 'int', possible loss of data
     1>World.cpp(649): warning C4244: 'argument' : conversion from 'float' to 'int', possible loss of data
     1>World.cpp(650): warning C4244: 'argument' : conversion from 'float' to 'int', possible loss of data
     1>World.cpp(674): warning C4244: 'initializing' : conversion from 'float' to 'int', possible loss of data
     1>World.cpp(676): warning C4244: 'initializing' : conversion from 'float' to 'int', possible loss of data
     1>World.cpp(693): warning C4018: '<' : signed/unsigned mismatch
     1>World.cpp(702): warning C4244: 'initializing' : conversion from 'float' to 'int', possible loss of data
     1>World.cpp(704): warning C4244: 'initializing' : conversion from 'float' to 'int', possible loss of data
     1>World.cpp(773): warning C4244: 'argument' : conversion from 'double' to 'float', possible loss of data
     1>World.cpp(774): warning C4244: 'argument' : conversion from 'float' to 'int', possible loss of data
     1>World.cpp(805): warning C4244: 'argument' : conversion from 'float' to 'int', possible loss of data
     1>World.cpp(864): warning C4244: 'initializing' : conversion from 'float' to 'int', possible loss of data
     1>World.cpp(866): warning C4244: 'initializing' : conversion from 'float' to 'int', possible loss of data
     1>World.cpp(879): warning C4244: 'initializing' : conversion from 'float' to 'int', possible loss of data
     1>World.cpp(881): warning C4244: 'initializing' : conversion from 'float' to 'int', possible loss of data
     1>World.cpp(895): warning C4244: 'initializing' : conversion from 'float' to 'int', possible loss of data
     1>World.cpp(897): warning C4244: 'initializing' : conversion from 'float' to 'int', possible loss of data
       Link:
         C:\Program Files (x86)\Microsoft Visual Studio 12.0\VC\bin\link.exe /ERRORREPORT:PROMPT /OUT:"C:\Users\Charles\Desktop\C++ Projects\Projects\DigDug\Release\DigDug.exe" /INCREMENTAL:NO /NOLOGO /LIBPATH:./lib SDL2.lib SDL2main.lib SDL2_mixer.lib SDL2_image.lib SDL2_ttf.lib opengl32.lib kernel32.lib user32.lib gdi32.lib winspool.lib comdlg32.lib advapi32.lib shell32.lib ole32.lib oleaut32.lib uuid.lib odbc32.lib odbccp32.lib /MANIFEST /MANIFESTUAC:"level='asInvoker' uiAccess='false'" /manifest:embed /DEBUG /PDB:"C:\Users\Charles\Desktop\C++ Projects\Projects\DigDug\Release\DigDug.pdb" /SUBSYSTEM:WINDOWS /OPT:REF /OPT:ICF /LTCG /TLBID:1 /DYNAMICBASE /NXCOMPAT /IMPLIB:"C:\Users\Charles\Desktop\C++ Projects\Projects\DigDug\Release\DigDug.lib" /MACHINE:X86 /SAFESEH Release\Resource.res
         Release\Block.obj
         Release\Drops.obj
         Release\Enemies.obj
         Release\Input.obj
         Release\Main.obj
         Release\Game.obj
         Release\Music.obj
         Release\Ornament.obj
         Release\Player.obj
         Release\SDL_setup.obj
         Release\Shop.obj
         Release\sprites.obj
         Release\Text.obj
         Release\Tools.obj
         Release\World.obj
         Generating code
         Finished generating code
         DigDug.vcxproj -> C:\Users\Charles\Desktop\C++ Projects\Projects\DigDug\Release\DigDug.exe
     1>Done Building Project "C:\Users\Charles\Desktop\C++ Projects\Projects\DigDug\DigDug\DigDug.vcxproj" (Build target(s)).

Build succeeded.

Time Elapsed 00:00:10.27
