Build started 10/14/2015 7:01:14 PM.
     1>Project "C:\Users\Charles\Desktop\C++ Projects\Projects\DigDug\DigDug\DigDug.vcxproj" on node 2 (Build target(s)).
     1>ClCompile:
         C:\Program Files (x86)\Microsoft Visual Studio 12.0\VC\bin\CL.exe /c /I./include /ZI /nologo /W3 /WX- /sdl /Od /Oy- /D WIN32 /D _DEBUG /D _CONSOLE /D _LIB /D _UNICODE /D UNICODE /Gm /EHsc /RTC1 /MDd /GS /fp:precise /Zc:wchar_t /Zc:forScope /Fo"Debug\\" /Fd"Debug\vc120.pdb" /Gd /TP /analyze- /errorReport:prompt Game.cpp
         Game.cpp
     1>c:\users\charles\desktop\c++ projects\projects\digdug\digdug\game.cpp(8): warning C4244: 'argument' : conversion from 'time_t' to 'unsigned int', possible loss of data
     1>c:\users\charles\desktop\c++ projects\projects\digdug\digdug\game.cpp(63): warning C4018: '<' : signed/unsigned mismatch
     1>c:\users\charles\desktop\c++ projects\projects\digdug\digdug\game.cpp(209): warning C4244: 'argument' : conversion from 'float' to 'int', possible loss of data
     1>c:\users\charles\desktop\c++ projects\projects\digdug\digdug\game.cpp(211): warning C4244: 'argument' : conversion from 'float' to 'int', possible loss of data
     1>c:\users\charles\desktop\c++ projects\projects\digdug\digdug\game.cpp(255): warning C4244: 'argument' : conversion from 'float' to 'int', possible loss of data
     1>c:\users\charles\desktop\c++ projects\projects\digdug\digdug\game.cpp(257): warning C4244: 'argument' : conversion from 'float' to 'int', possible loss of data
       Link:
         C:\Program Files (x86)\Microsoft Visual Studio 12.0\VC\bin\link.exe /ERRORREPORT:PROMPT /OUT:"C:\Users\Charles\Desktop\C++ Projects\Projects\DigDug\Debug\DigDug.exe" /INCREMENTAL /NOLOGO /LIBPATH:./lib SDL2.lib SDL2main.lib SDL2_mixer.lib SDL2_image.lib SDL2_ttf.lib kernel32.lib user32.lib gdi32.lib winspool.lib comdlg32.lib advapi32.lib shell32.lib ole32.lib oleaut32.lib uuid.lib odbc32.lib odbccp32.lib /MANIFEST /MANIFESTUAC:"level='asInvoker' uiAccess='false'" /manifest:embed /DEBUG /PDB:"C:\Users\Charles\Desktop\C++ Projects\Projects\DigDug\Debug\DigDug.pdb" /SUBSYSTEM:CONSOLE /TLBID:1 /DYNAMICBASE /NXCOMPAT /IMPLIB:"C:\Users\Charles\Desktop\C++ Projects\Projects\DigDug\Debug\DigDug.lib" /MACHINE:X86 Debug\Resource.res
         Debug\Block.obj
         Debug\Drops.obj
         Debug\Enemies.obj
         Debug\Input.obj
         Debug\Main.obj
         Debug\Game.obj
         Debug\Music.obj
         Debug\Ornament.obj
         Debug\Player.obj
         Debug\SDL_setup.obj
         Debug\Shop.obj
         Debug\sprites.obj
         Debug\Text.obj
         Debug\Tools.obj
         Debug\World.obj
         DigDug.vcxproj -> C:\Users\Charles\Desktop\C++ Projects\Projects\DigDug\Debug\DigDug.exe
     1>Done Building Project "C:\Users\Charles\Desktop\C++ Projects\Projects\DigDug\DigDug\DigDug.vcxproj" (Build target(s)).

Build succeeded.

Time Elapsed 00:00:01.04
